2017-08-03 13:31:39 [INFO ] [main] n.s.NCMService : [loginAndJump] open browser
2017-08-03 13:31:43 [INFO ] [main] n.s.NCMService : [refresh] refresh
2017-08-03 13:31:46 [INFO ] [main] n.s.NCMService : [getNCMWeekModelList] rank:1, songId:437250607
2017-08-03 13:31:46 [INFO ] [main] n.s.NCMService : [getNCMWeekModelList] rank:1, song:我的一个道姑朋友（Cover：Lon&タイナカ彩智）
2017-08-03 13:31:46 [INFO ] [main] n.s.NCMService : [getNCMWeekModelList] rank:1, width:100.0
2017-08-03 13:31:46 [INFO ] [main] n.s.NCMService : [getNCMWeekModelList] rank:1, singer:以冬
2017-08-03 13:31:46 [INFO ] [main] n.s.NCMService : [getNCMWeekModelList] rank:1, singerId:12065133
2017-08-03 13:31:46 [INFO ] [main] n.s.NCMService : [getNCMWeekModelList] rank:2, songId:460542191
2017-08-03 13:31:46 [INFO ] [main] n.s.NCMService : [getNCMWeekModelList] rank:2, song:一腔诗意喂了狗
2017-08-03 13:31:46 [INFO ] [main] n.s.NCMService : [getNCMWeekModelList] rank:2, width:34.0
2017-08-03 13:31:46 [INFO ] [main] n.s.NCMService : [getNCMWeekModelList] rank:2, singer:花粥
2017-08-03 13:31:46 [INFO ] [main] n.s.NCMService : [getNCMWeekModelList] rank:2, singerId:8103
2017-08-03 13:31:46 [INFO ] [main] n.s.NCMService : [getNCMWeekModelList] rank:3, songId:489768475
2017-08-03 13:31:46 [INFO ] [main] n.s.NCMService : [getNCMWeekModelList] rank:3, song:风一样的我
2017-08-03 13:31:46 [INFO ] [main] n.s.NCMService : [getNCMWeekModelList] rank:3, width:15.0
2017-08-03 13:31:46 [INFO ] [main] n.s.NCMService : [getNCMWeekModelList] rank:3, singer:叶炫清
2017-08-03 13:31:46 [INFO ] [main] n.s.NCMService : [getNCMWeekModelList] rank:3, singerId:12186038
2017-08-03 13:31:46 [INFO ] [main] n.s.NCMService : [getNCMWeekModelList] rank:4, songId:488256319
2017-08-03 13:31:46 [INFO ] [main] n.s.NCMService : [getNCMWeekModelList] rank:4, song:九张机
2017-08-03 13:31:46 [INFO ] [main] n.s.NCMService : [getNCMWeekModelList] rank:4, width:13.0
2017-08-03 13:31:46 [INFO ] [main] n.s.NCMService : [getNCMWeekModelList] rank:4, singer:叶炫清
2017-08-03 13:31:46 [INFO ] [main] n.s.NCMService : [getNCMWeekModelList] rank:4, singerId:12186038
2017-08-03 13:31:47 [INFO ] [main] n.s.NCMService : [getNCMWeekModelList] rank:5, songId:418550944
2017-08-03 13:31:47 [INFO ] [main] n.s.NCMService : [getNCMWeekModelList] rank:5, song:Second Nature
2017-08-03 13:31:47 [INFO ] [main] n.s.NCMService : [getNCMWeekModelList] rank:5, width:13.0
2017-08-03 13:31:47 [INFO ] [main] n.s.NCMService : [getNCMWeekModelList] rank:5, singer:Stalking Gia
2017-08-03 13:31:47 [INFO ] [main] n.s.NCMService : [getNCMWeekModelList] rank:5, singerId:12067056
2017-08-03 13:31:47 [INFO ] [main] n.s.NCMService : [getNCMWeekModelList] rank:6, songId:30212890
2017-08-03 13:31:47 [INFO ] [main] n.s.NCMService : [getNCMWeekModelList] rank:6, song:Worth It
2017-08-03 13:31:47 [INFO ] [main] n.s.NCMService : [getNCMWeekModelList] rank:6, width:13.0
2017-08-03 13:31:47 [INFO ] [main] n.s.NCMService : [getNCMWeekModelList] rank:6, singer:Fifth Harmony/KiD Ink
2017-08-03 13:31:47 [INFO ] [main] n.s.NCMService : [getNCMWeekModelList] rank:6, singerId:794152
2017-08-03 13:31:47 [INFO ] [main] n.s.NCMService : [getNCMWeekModelList] rank:7, songId:437856462
2017-08-03 13:31:47 [INFO ] [main] n.s.NCMService : [getNCMWeekModelList] rank:7, song:原来我以为
2017-08-03 13:31:47 [INFO ] [main] n.s.NCMService : [getNCMWeekModelList] rank:7, width:11.0
2017-08-03 13:31:47 [INFO ] [main] n.s.NCMService : [getNCMWeekModelList] rank:7, singer:王滔
2017-08-03 13:31:47 [INFO ] [main] n.s.NCMService : [getNCMWeekModelList] rank:7, singerId:226351
2017-08-03 13:31:47 [INFO ] [main] n.s.NCMService : [getNCMWeekModelList] rank:8, songId:489998572
2017-08-03 13:31:47 [INFO ] [main] n.s.NCMService : [getNCMWeekModelList] rank:8, song:不懂
2017-08-03 13:31:47 [INFO ] [main] n.s.NCMService : [getNCMWeekModelList] rank:8, width:9.0
2017-08-03 13:31:47 [INFO ] [main] n.s.NCMService : [getNCMWeekModelList] rank:8, singer:贾添
2017-08-03 13:31:47 [INFO ] [main] n.s.NCMService : [getNCMWeekModelList] rank:8, singerId:12504167
2017-08-03 13:31:47 [INFO ] [main] n.s.NCMService : [getNCMWeekModelList] rank:9, songId:165340
2017-08-03 13:31:47 [INFO ] [main] n.s.NCMService : [getNCMWeekModelList] rank:9, song:有点甜
2017-08-03 13:31:47 [INFO ] [main] n.s.NCMService : [getNCMWeekModelList] rank:9, width:9.0
2017-08-03 13:31:47 [INFO ] [main] n.s.NCMService : [getNCMWeekModelList] rank:9, singer:汪苏泷/By2
2017-08-03 13:31:47 [INFO ] [main] n.s.NCMService : [getNCMWeekModelList] rank:9, singerId:5538
2017-08-03 13:31:47 [INFO ] [main] n.s.NCMService : [getNCMWeekModelList] rank:10, songId:429769764
2017-08-03 13:31:47 [INFO ] [main] n.s.NCMService : [getNCMWeekModelList] rank:10, song:Somebody Else
2017-08-03 13:31:47 [INFO ] [main] n.s.NCMService : [getNCMWeekModelList] rank:10, width:6.0
2017-08-03 13:31:47 [INFO ] [main] n.s.NCMService : [getNCMWeekModelList] rank:10, singer:VÉRITÉ
2017-08-03 13:31:47 [INFO ] [main] n.s.NCMService : [getNCMWeekModelList] rank:10, singerId:963498
2017-08-03 13:31:47 [INFO ] [main] n.s.NCMService : [getNCMWeekModelList] rank:11, songId:424262516
2017-08-03 13:31:47 [INFO ] [main] n.s.NCMService : [getNCMWeekModelList] rank:11, song:是你
2017-08-03 13:31:47 [INFO ] [main] n.s.NCMService : [getNCMWeekModelList] rank:11, width:6.0
2017-08-03 13:31:47 [INFO ] [main] n.s.NCMService : [getNCMWeekModelList] rank:11, singer:TFBOYS
2017-08-03 13:31:47 [INFO ] [main] n.s.NCMService : [getNCMWeekModelList] rank:11, singerId:827728
2017-08-03 13:31:47 [INFO ] [main] n.s.NCMService : [getNCMWeekModelList] rank:12, songId:423118988
2017-08-03 13:31:47 [INFO ] [main] n.s.NCMService : [getNCMWeekModelList] rank:12, song:Fresh Eyes
2017-08-03 13:31:47 [INFO ] [main] n.s.NCMService : [getNCMWeekModelList] rank:12, width:6.0
2017-08-03 13:31:47 [INFO ] [main] n.s.NCMService : [getNCMWeekModelList] rank:12, singer:Andy Grammer
2017-08-03 13:31:48 [INFO ] [main] n.s.NCMService : [getNCMWeekModelList] rank:12, singerId:28820
2017-08-03 13:31:48 [INFO ] [main] n.s.NCMService : [getNCMWeekModelList] rank:13, songId:409031195
2017-08-03 13:31:48 [INFO ] [main] n.s.NCMService : [getNCMWeekModelList] rank:13, song:Colors (Sam Feldt Radio Edit)
2017-08-03 13:31:48 [INFO ] [main] n.s.NCMService : [getNCMWeekModelList] rank:13, width:6.0
2017-08-03 13:31:48 [INFO ] [main] n.s.NCMService : [getNCMWeekModelList] rank:13, singer:Sam Feldt/Halsey
2017-08-03 13:31:48 [INFO ] [main] n.s.NCMService : [getNCMWeekModelList] rank:13, singerId:1025255
2017-08-03 13:31:48 [INFO ] [main] n.s.NCMService : [getNCMWeekModelList] rank:14, songId:35447858
2017-08-03 13:31:48 [INFO ] [main] n.s.NCMService : [getNCMWeekModelList] rank:14, song:走着走着就散了
2017-08-03 13:31:48 [INFO ] [main] n.s.NCMService : [getNCMWeekModelList] rank:14, width:6.0
2017-08-03 13:31:48 [INFO ] [main] n.s.NCMService : [getNCMWeekModelList] rank:14, singer:庄心妍
2017-08-03 13:31:48 [INFO ] [main] n.s.NCMService : [getNCMWeekModelList] rank:14, singerId:167013
2017-08-03 13:31:48 [INFO ] [main] n.s.NCMService : [getNCMWeekModelList] rank:15, songId:31356788
2017-08-03 13:31:48 [INFO ] [main] n.s.NCMService : [getNCMWeekModelList] rank:15, song:样(YOUNG)
2017-08-03 13:31:48 [INFO ] [main] n.s.NCMService : [getNCMWeekModelList] rank:15, width:6.0
2017-08-03 13:31:48 [INFO ] [main] n.s.NCMService : [getNCMWeekModelList] rank:15, singer:TFBOYS
2017-08-03 13:31:48 [INFO ] [main] n.s.NCMService : [getNCMWeekModelList] rank:15, singerId:827728
2017-08-03 13:31:48 [INFO ] [main] n.s.NCMService : [getNCMWeekModelList] rank:16, songId:28590162
2017-08-03 13:31:48 [INFO ] [main] n.s.NCMService : [getNCMWeekModelList] rank:16, song:初见(笛子版)
2017-08-03 13:31:48 [INFO ] [main] n.s.NCMService : [getNCMWeekModelList] rank:16, width:6.0
2017-08-03 13:31:48 [INFO ] [main] n.s.NCMService : [getNCMWeekModelList] rank:16, singer:郝一刚
2017-08-03 13:31:49 [INFO ] [main] n.s.NCMService : waitForElement By.cssSelector: a timeout.
2017-08-03 13:31:49 [INFO ] [main] n.s.NCMService : [getNCMWeekModelList] rank:16, singerId == null
2017-08-03 13:31:49 [INFO ] [main] n.s.NCMService : [getNCMWeekModelList] rank:17, songId:185699
2017-08-03 13:31:49 [INFO ] [main] n.s.NCMService : [getNCMWeekModelList] rank:17, song:说好的幸福呢
2017-08-03 13:31:49 [INFO ] [main] n.s.NCMService : [getNCMWeekModelList] rank:17, width:6.0
2017-08-03 13:31:49 [INFO ] [main] n.s.NCMService : [getNCMWeekModelList] rank:17, singer:周杰伦
2017-08-03 13:31:49 [INFO ] [main] n.s.NCMService : [getNCMWeekModelList] rank:17, singerId:6452
2017-08-03 13:31:49 [INFO ] [main] n.s.NCMService : [getNCMWeekModelList] rank:18, songId:717148
2017-08-03 13:31:49 [INFO ] [main] n.s.NCMService : [getNCMWeekModelList] rank:18, song:枕着溪水入眠
2017-08-03 13:31:49 [INFO ] [main] n.s.NCMService : [getNCMWeekModelList] rank:18, width:4.0
2017-08-03 13:31:49 [INFO ] [main] n.s.NCMService : [getNCMWeekModelList] rank:18, singer:Della
2017-08-03 13:31:49 [INFO ] [main] n.s.NCMService : [getNCMWeekModelList] rank:18, singerId:19205
2017-08-03 13:31:49 [INFO ] [main] n.s.NCMService : [getNCMWeekModelList] rank:19, songId:492974601
2017-08-03 13:31:49 [INFO ] [main] n.s.NCMService : [getNCMWeekModelList] rank:19, song:love love-双世宠妃插曲（Cover 金润吉）
2017-08-03 13:31:49 [INFO ] [main] n.s.NCMService : [getNCMWeekModelList] rank:19, width:4.0
2017-08-03 13:31:49 [INFO ] [main] n.s.NCMService : [getNCMWeekModelList] rank:19, singer:God小婕
2017-08-03 13:31:49 [INFO ] [main] n.s.NCMService : [getNCMWeekModelList] rank:19, singerId:12217051
2017-08-03 13:31:49 [INFO ] [main] n.s.NCMService : [getNCMWeekModelList] rank:20, songId:445666806
2017-08-03 13:31:49 [INFO ] [main] n.s.NCMService : [getNCMWeekModelList] rank:20, song:Give Me Your Love
2017-08-03 13:31:49 [INFO ] [main] n.s.NCMService : [getNCMWeekModelList] rank:20, width:4.0
2017-08-03 13:31:49 [INFO ] [main] n.s.NCMService : [getNCMWeekModelList] rank:20, singer:DEAMN
2017-08-03 13:31:49 [INFO ] [main] n.s.NCMService : [getNCMWeekModelList] rank:20, singerId:12047335
2017-08-03 13:31:49 [INFO ] [main] n.s.NCMService : [getNCMWeekModelList] rank:21, songId:415904450
2017-08-03 13:31:49 [INFO ] [main] n.s.NCMService : [getNCMWeekModelList] rank:21, song:Perfect Strangers
2017-08-03 13:31:49 [INFO ] [main] n.s.NCMService : [getNCMWeekModelList] rank:21, width:4.0
2017-08-03 13:31:49 [INFO ] [main] n.s.NCMService : [getNCMWeekModelList] rank:21, singer:Jonas Blue/JP Cooper
2017-08-03 13:31:49 [INFO ] [main] n.s.NCMService : [getNCMWeekModelList] rank:21, singerId:1192069
2017-08-03 13:31:49 [INFO ] [main] n.s.NCMService : [getNCMWeekModelList] rank:22, songId:415792222
2017-08-03 13:31:50 [INFO ] [main] n.s.NCMService : [getNCMWeekModelList] rank:22, song:Sing Me to Sleep
2017-08-03 13:31:50 [INFO ] [main] n.s.NCMService : [getNCMWeekModelList] rank:22, width:4.0
2017-08-03 13:31:50 [INFO ] [main] n.s.NCMService : [getNCMWeekModelList] rank:22, singer:Alan Walker
2017-08-03 13:31:50 [INFO ] [main] n.s.NCMService : [getNCMWeekModelList] rank:22, singerId:1045123
2017-08-03 13:31:50 [INFO ] [main] n.s.NCMService : [getNCMWeekModelList] rank:23, songId:409031374
2017-08-03 13:31:50 [INFO ] [main] n.s.NCMService : [getNCMWeekModelList] rank:23, song:Zimt
2017-08-03 13:31:50 [INFO ] [main] n.s.NCMService : [getNCMWeekModelList] rank:23, width:4.0
2017-08-03 13:31:50 [INFO ] [main] n.s.NCMService : [getNCMWeekModelList] rank:23, singer:LissA
2017-08-03 13:31:50 [INFO ] [main] n.s.NCMService : [getNCMWeekModelList] rank:23, singerId:66172
2017-08-03 13:31:50 [INFO ] [main] n.s.NCMService : [getNCMWeekModelList] rank:24, songId:405226741
2017-08-03 13:31:50 [INFO ] [main] n.s.NCMService : [getNCMWeekModelList] rank:24, song:Down
2017-08-03 13:31:50 [INFO ] [main] n.s.NCMService : [getNCMWeekModelList] rank:24, width:4.0
2017-08-03 13:31:50 [INFO ] [main] n.s.NCMService : [getNCMWeekModelList] rank:24, singer:Marian Hill
2017-08-03 13:31:50 [INFO ] [main] n.s.NCMService : [getNCMWeekModelList] rank:24, singerId:893433
2017-08-03 13:31:50 [INFO ] [main] n.s.NCMService : [getNCMWeekModelList] rank:25, songId:3935139
2017-08-03 13:31:50 [INFO ] [main] n.s.NCMService : [getNCMWeekModelList] rank:25, song:Breath and Life
2017-08-03 13:31:50 [INFO ] [main] n.s.NCMService : [getNCMWeekModelList] rank:25, width:4.0
2017-08-03 13:31:50 [INFO ] [main] n.s.NCMService : [getNCMWeekModelList] rank:25, singer:Audio Machine
2017-08-03 13:31:50 [INFO ] [main] n.s.NCMService : [getNCMWeekModelList] rank:25, singerId:87066
2017-08-03 13:31:50 [INFO ] [main] n.s.NCMService : [getNCMWeekModelList] rank:26, songId:36492681
2017-08-03 13:31:50 [INFO ] [main] n.s.NCMService : [getNCMWeekModelList] rank:26, song:Lil Mama
2017-08-03 13:31:50 [INFO ] [main] n.s.NCMService : [getNCMWeekModelList] rank:26, width:4.0
2017-08-03 13:31:50 [INFO ] [main] n.s.NCMService : [getNCMWeekModelList] rank:26, singer:Jain
2017-08-03 13:31:50 [INFO ] [main] n.s.NCMService : [getNCMWeekModelList] rank:26, singerId:1081794
2017-08-03 13:31:50 [INFO ] [main] n.s.NCMService : [getNCMWeekModelList] rank:27, songId:34380473
2017-08-03 13:31:50 [INFO ] [main] n.s.NCMService : [getNCMWeekModelList] rank:27, song:color-X 3D
2017-08-03 13:31:50 [INFO ] [main] n.s.NCMService : [getNCMWeekModelList] rank:27, width:4.0
2017-08-03 13:31:50 [INFO ] [main] n.s.NCMService : [getNCMWeekModelList] rank:27, singer:徐梦圆
2017-08-03 13:31:50 [INFO ] [main] n.s.NCMService : [getNCMWeekModelList] rank:27, singerId:1142042
2017-08-03 13:31:50 [INFO ] [main] n.s.NCMService : [getNCMWeekModelList] rank:28, songId:32166834
2017-08-03 13:31:50 [INFO ] [main] n.s.NCMService : [getNCMWeekModelList] rank:28, song:Beauty
2017-08-03 13:31:50 [INFO ] [main] n.s.NCMService : [getNCMWeekModelList] rank:28, width:4.0
2017-08-03 13:31:50 [INFO ] [main] n.s.NCMService : [getNCMWeekModelList] rank:28, singer:Wolf Colony
2017-08-03 13:31:50 [INFO ] [main] n.s.NCMService : [getNCMWeekModelList] rank:28, singerId:818119
2017-08-03 13:31:50 [INFO ] [main] n.s.NCMService : [getNCMWeekModelList] rank:29, songId:30394891
2017-08-03 13:31:50 [INFO ] [main] n.s.NCMService : [getNCMWeekModelList] rank:29, song:Seve
2017-08-03 13:31:50 [INFO ] [main] n.s.NCMService : [getNCMWeekModelList] rank:29, width:4.0
2017-08-03 13:31:50 [INFO ] [main] n.s.NCMService : [getNCMWeekModelList] rank:29, singer:Tez Cadey
2017-08-03 13:31:50 [INFO ] [main] n.s.NCMService : [getNCMWeekModelList] rank:29, singerId:488571
2017-08-03 13:31:50 [INFO ] [main] n.s.NCMService : [getNCMWeekModelList] rank:30, songId:29418861
2017-08-03 13:31:50 [INFO ] [main] n.s.NCMService : [getNCMWeekModelList] rank:30, song:Good Luck
2017-08-03 13:31:50 [INFO ] [main] n.s.NCMService : [getNCMWeekModelList] rank:30, width:4.0
2017-08-03 13:31:50 [INFO ] [main] n.s.NCMService : [getNCMWeekModelList] rank:30, singer:Lenachka
2017-08-03 13:31:50 [INFO ] [main] n.s.NCMService : [getNCMWeekModelList] rank:30, singerId:1016181
2017-08-03 13:31:50 [INFO ] [main] n.s.NCMService : [getNCMWeekModelList] rank:31, songId:29418363
2017-08-03 13:31:51 [INFO ] [main] n.s.NCMService : [getNCMWeekModelList] rank:31, song:Skin Tight
2017-08-03 13:31:51 [INFO ] [main] n.s.NCMService : [getNCMWeekModelList] rank:31, width:4.0
2017-08-03 13:31:51 [INFO ] [main] n.s.NCMService : [getNCMWeekModelList] rank:31, singer:Niykee Heaton
2017-08-03 13:31:51 [INFO ] [main] n.s.NCMService : [getNCMWeekModelList] rank:31, singerId:905145
2017-08-03 13:31:51 [INFO ] [main] n.s.NCMService : [getNCMWeekModelList] rank:32, songId:2871217
2017-08-03 13:31:51 [INFO ] [main] n.s.NCMService : [getNCMWeekModelList] rank:32, song:Firework
2017-08-03 13:31:51 [INFO ] [main] n.s.NCMService : [getNCMWeekModelList] rank:32, width:4.0
2017-08-03 13:31:51 [INFO ] [main] n.s.NCMService : [getNCMWeekModelList] rank:32, singer:Katy Perry
2017-08-03 13:31:51 [INFO ] [main] n.s.NCMService : [getNCMWeekModelList] rank:32, singerId:62888
2017-08-03 13:31:51 [INFO ] [main] n.s.NCMService : [getNCMWeekModelList] rank:33, songId:27863779
2017-08-03 13:31:51 [INFO ] [main] n.s.NCMService : [getNCMWeekModelList] rank:33, song:Staring At You
2017-08-03 13:31:51 [INFO ] [main] n.s.NCMService : [getNCMWeekModelList] rank:33, width:4.0
2017-08-03 13:31:51 [INFO ] [main] n.s.NCMService : [getNCMWeekModelList] rank:33, singer:Diane Birch
2017-08-03 13:31:51 [INFO ] [main] n.s.NCMService : [getNCMWeekModelList] rank:33, singerId:53326
2017-08-03 13:31:51 [INFO ] [main] n.s.NCMService : [getNCMWeekModelList] rank:34, songId:26783793
2017-08-03 13:31:51 [INFO ] [main] n.s.NCMService : [getNCMWeekModelList] rank:34, song:The magic key
2017-08-03 13:31:51 [INFO ] [main] n.s.NCMService : [getNCMWeekModelList] rank:34, width:4.0
2017-08-03 13:31:51 [INFO ] [main] n.s.NCMService : [getNCMWeekModelList] rank:34, singer:Various Artists
2017-08-03 13:31:51 [INFO ] [main] n.s.NCMService : [getNCMWeekModelList] rank:34, singerId:104700
2017-08-03 13:31:51 [INFO ] [main] n.s.NCMService : [getNCMWeekModelList] rank:35, songId:19945735
2017-08-03 13:31:51 [INFO ] [main] n.s.NCMService : [getNCMWeekModelList] rank:35, song:Demons
2017-08-03 13:31:51 [INFO ] [main] n.s.NCMService : [getNCMWeekModelList] rank:35, width:4.0
2017-08-03 13:31:51 [INFO ] [main] n.s.NCMService : [getNCMWeekModelList] rank:35, singer:Imagine Dragons
2017-08-03 13:31:51 [INFO ] [main] n.s.NCMService : [getNCMWeekModelList] rank:35, singerId:94779
2017-08-03 13:31:51 [INFO ] [main] n.s.NCMService : [getNCMWeekModelList] rank:36, songId:1884993
2017-08-03 13:31:51 [INFO ] [main] n.s.NCMService : [getNCMWeekModelList] rank:36, song:Fall In Love
2017-08-03 13:31:51 [INFO ] [main] n.s.NCMService : [getNCMWeekModelList] rank:36, width:4.0
2017-08-03 13:31:51 [INFO ] [main] n.s.NCMService : [getNCMWeekModelList] rank:36, singer:Ramzi
2017-08-03 13:31:51 [INFO ] [main] n.s.NCMService : [getNCMWeekModelList] rank:36, singerId:42000
2017-08-03 13:31:51 [INFO ] [main] n.s.NCMService : [getNCMWeekModelList] rank:37, songId:1571835
2017-08-03 13:31:51 [INFO ] [main] n.s.NCMService : [getNCMWeekModelList] rank:37, song:Call You Tonight
2017-08-03 13:31:51 [INFO ] [main] n.s.NCMService : [getNCMWeekModelList] rank:37, width:4.0
2017-08-03 13:31:51 [INFO ] [main] n.s.NCMService : [getNCMWeekModelList] rank:37, singer:Johnta Austin
2017-08-03 13:31:51 [INFO ] [main] n.s.NCMService : [getNCMWeekModelList] rank:37, singerId:36191
2017-08-03 13:31:51 [INFO ] [main] n.s.NCMService : [getNCMWeekModelList] rank:38, songId:1491163
2017-08-03 13:31:51 [INFO ] [main] n.s.NCMService : [getNCMWeekModelList] rank:38, song:Michael Meets Mozart - 1 Piano, 2 Guys, 100 Cello Tracks
2017-08-03 13:31:51 [INFO ] [main] n.s.NCMService : [getNCMWeekModelList] rank:38, width:4.0
2017-08-03 13:31:51 [INFO ] [main] n.s.NCMService : [getNCMWeekModelList] rank:38, singer:Jon Schmidt/Steven Sharp Nelson
2017-08-03 13:31:51 [INFO ] [main] n.s.NCMService : [getNCMWeekModelList] rank:38, singerId:35371
2017-08-03 13:31:51 [INFO ] [main] n.s.NCMService : [getNCMWeekModelList] rank:39, songId:818847
2017-08-03 13:31:51 [INFO ] [main] n.s.NCMService : [getNCMWeekModelList] rank:39, song:Palace Memories~Denouement
2017-08-03 13:31:51 [INFO ] [main] n.s.NCMService : [getNCMWeekModelList] rank:39, width:2.0
2017-08-03 13:31:51 [INFO ] [main] n.s.NCMService : [getNCMWeekModelList] rank:39, singer:S.E.N.S.
2017-08-03 13:31:51 [INFO ] [main] n.s.NCMService : [getNCMWeekModelList] rank:39, singerId:21309
2017-08-03 13:31:51 [INFO ] [main] n.s.NCMService : [getNCMWeekModelList] rank:40, songId:528283
2017-08-03 13:31:51 [INFO ] [main] n.s.NCMService : [getNCMWeekModelList] rank:40, song:桜花抄
2017-08-03 13:31:51 [INFO ] [main] n.s.NCMService : [getNCMWeekModelList] rank:40, width:2.0
2017-08-03 13:31:51 [INFO ] [main] n.s.NCMService : [getNCMWeekModelList] rank:40, singer:天門
2017-08-03 13:31:52 [INFO ] [main] n.s.NCMService : [getNCMWeekModelList] rank:40, singerId:15599
2017-08-03 13:31:52 [INFO ] [main] n.s.NCMService : [getNCMWeekModelList] rank:41, songId:5142101
2017-08-03 13:31:52 [INFO ] [main] n.s.NCMService : [getNCMWeekModelList] rank:41, song:Better in Time
2017-08-03 13:31:52 [INFO ] [main] n.s.NCMService : [getNCMWeekModelList] rank:41, width:2.0
2017-08-03 13:31:52 [INFO ] [main] n.s.NCMService : [getNCMWeekModelList] rank:41, singer:Leona Lewis
2017-08-03 13:31:52 [INFO ] [main] n.s.NCMService : [getNCMWeekModelList] rank:41, singerId:64150
2017-08-03 13:31:52 [INFO ] [main] n.s.NCMService : [getNCMWeekModelList] rank:42, songId:4964085
2017-08-03 13:31:52 [INFO ] [main] n.s.NCMService : [getNCMWeekModelList] rank:42, song:君を忘れてた
2017-08-03 13:31:52 [INFO ] [main] n.s.NCMService : [getNCMWeekModelList] rank:42, width:2.0
2017-08-03 13:31:52 [INFO ] [main] n.s.NCMService : [getNCMWeekModelList] rank:42, singer:Falcom Sound Team jdk
2017-08-03 13:31:52 [INFO ] [main] n.s.NCMService : [getNCMWeekModelList] rank:42, singerId:19455
2017-08-03 13:31:52 [INFO ] [main] n.s.NCMService : [getNCMWeekModelList] rank:43, songId:487379429
2017-08-03 13:31:52 [INFO ] [main] n.s.NCMService : [getNCMWeekModelList] rank:43, song:通关
2017-08-03 13:31:52 [INFO ] [main] n.s.NCMService : [getNCMWeekModelList] rank:43, width:2.0
2017-08-03 13:31:52 [INFO ] [main] n.s.NCMService : [getNCMWeekModelList] rank:43, singer:许嵩
2017-08-03 13:31:52 [INFO ] [main] n.s.NCMService : [getNCMWeekModelList] rank:43, singerId:5771
2017-08-03 13:31:52 [INFO ] [main] n.s.NCMService : [getNCMWeekModelList] rank:44, songId:471969020
2017-08-03 13:31:52 [INFO ] [main] n.s.NCMService : [getNCMWeekModelList] rank:44, song:Drive My Car
2017-08-03 13:31:52 [INFO ] [main] n.s.NCMService : [getNCMWeekModelList] rank:44, width:2.0
2017-08-03 13:31:52 [INFO ] [main] n.s.NCMService : [getNCMWeekModelList] rank:44, singer:DEAMN
2017-08-03 13:31:52 [INFO ] [main] n.s.NCMService : [getNCMWeekModelList] rank:44, singerId:12047335
2017-08-03 13:31:52 [INFO ] [main] n.s.NCMService : [getNCMWeekModelList] rank:45, songId:465920775
2017-08-03 13:31:52 [INFO ] [main] n.s.NCMService : [getNCMWeekModelList] rank:45, song:Pretty Girl (Cheat Codes X Cade Remix)
2017-08-03 13:31:52 [INFO ] [main] n.s.NCMService : [getNCMWeekModelList] rank:45, width:2.0
2017-08-03 13:31:52 [INFO ] [main] n.s.NCMService : [getNCMWeekModelList] rank:45, singer:Cheat Codes/Maggie Lindemann/CADE
2017-08-03 13:31:52 [INFO ] [main] n.s.NCMService : [getNCMWeekModelList] rank:45, singerId:1078252
2017-08-03 13:31:52 [INFO ] [main] n.s.NCMService : [getNCMWeekModelList] rank:46, songId:461347998
2017-08-03 13:31:52 [INFO ] [main] n.s.NCMService : [getNCMWeekModelList] rank:46, song:Something Just Like This
2017-08-03 13:31:52 [INFO ] [main] n.s.NCMService : [getNCMWeekModelList] rank:46, width:2.0
2017-08-03 13:31:52 [INFO ] [main] n.s.NCMService : [getNCMWeekModelList] rank:46, singer:The Chainsmokers/Coldplay
2017-08-03 13:31:52 [INFO ] [main] n.s.NCMService : [getNCMWeekModelList] rank:46, singerId:893484
2017-08-03 13:31:52 [INFO ] [main] n.s.NCMService : [getNCMWeekModelList] rank:47, songId:456177
2017-08-03 13:31:52 [INFO ] [main] n.s.NCMService : [getNCMWeekModelList] rank:47, song:true tears::一阵の风
2017-08-03 13:31:52 [INFO ] [main] n.s.NCMService : [getNCMWeekModelList] rank:47, width:2.0
2017-08-03 13:31:52 [INFO ] [main] n.s.NCMService : [getNCMWeekModelList] rank:47, singer:菊地創
2017-08-03 13:31:52 [INFO ] [main] n.s.NCMService : [getNCMWeekModelList] rank:47, singerId:14533
2017-08-03 13:31:52 [INFO ] [main] n.s.NCMService : [getNCMWeekModelList] rank:48, songId:451703096
2017-08-03 13:31:52 [INFO ] [main] n.s.NCMService : [getNCMWeekModelList] rank:48, song:Shape of You
2017-08-03 13:31:52 [INFO ] [main] n.s.NCMService : [getNCMWeekModelList] rank:48, width:2.0
2017-08-03 13:31:52 [INFO ] [main] n.s.NCMService : [getNCMWeekModelList] rank:48, singer:Ed Sheeran
2017-08-03 13:31:52 [INFO ] [main] n.s.NCMService : [getNCMWeekModelList] rank:48, singerId:33184
2017-08-03 13:31:53 [INFO ] [main] n.s.NCMService : [getNCMWeekModelList] rank:49, songId:441491080
2017-08-03 13:31:53 [INFO ] [main] n.s.NCMService : [getNCMWeekModelList] rank:49, song:Oops
2017-08-03 13:31:53 [INFO ] [main] n.s.NCMService : [getNCMWeekModelList] rank:49, width:2.0
2017-08-03 13:31:53 [INFO ] [main] n.s.NCMService : [getNCMWeekModelList] rank:49, singer:Little Mix/Charlie Puth
2017-08-03 13:31:53 [INFO ] [main] n.s.NCMService : [getNCMWeekModelList] rank:49, singerId:96072
2017-08-03 13:31:53 [INFO ] [main] n.s.NCMService : [getNCMWeekModelList] rank:50, songId:437311664
2017-08-03 13:31:53 [INFO ] [main] n.s.NCMService : [getNCMWeekModelList] rank:50, song:脑海浮游的你（原曲：大爱）
2017-08-03 13:31:53 [INFO ] [main] n.s.NCMService : [getNCMWeekModelList] rank:50, width:2.0
2017-08-03 13:31:53 [INFO ] [main] n.s.NCMService : [getNCMWeekModelList] rank:50, singer:以冬
2017-08-03 13:31:53 [INFO ] [main] n.s.NCMService : [getNCMWeekModelList] rank:50, singerId:12065133
2017-08-03 13:31:53 [INFO ] [main] n.s.NCMService : [getNCMWeekModelList] rank:51, songId:432506345
2017-08-03 13:31:53 [INFO ] [main] n.s.NCMService : [getNCMWeekModelList] rank:51, song:童话镇
2017-08-03 13:31:53 [INFO ] [main] n.s.NCMService : [getNCMWeekModelList] rank:51, width:2.0
2017-08-03 13:31:53 [INFO ] [main] n.s.NCMService : [getNCMWeekModelList] rank:51, singer:陈一发儿
2017-08-03 13:31:53 [INFO ] [main] n.s.NCMService : [getNCMWeekModelList] rank:51, singerId:1137098
2017-08-03 13:31:53 [INFO ] [main] n.s.NCMService : [getNCMWeekModelList] rank:52, songId:427142481
2017-08-03 13:31:53 [INFO ] [main] n.s.NCMService : [getNCMWeekModelList] rank:52, song:Clsr (Aash Mehta Flip)
2017-08-03 13:31:53 [INFO ] [main] n.s.NCMService : [getNCMWeekModelList] rank:52, width:2.0
2017-08-03 13:31:53 [INFO ] [main] n.s.NCMService : [getNCMWeekModelList] rank:52, singer:Aash Mehta/The Chainsmokers
2017-08-03 13:31:53 [INFO ] [main] n.s.NCMService : [getNCMWeekModelList] rank:52, singerId:1094364
2017-08-03 13:31:53 [INFO ] [main] n.s.NCMService : [getNCMWeekModelList] rank:53, songId:420069116
2017-08-03 13:31:53 [INFO ] [main] n.s.NCMService : [getNCMWeekModelList] rank:53, song:Anywhere I Go
2017-08-03 13:31:53 [INFO ] [main] n.s.NCMService : [getNCMWeekModelList] rank:53, width:2.0
2017-08-03 13:31:53 [INFO ] [main] n.s.NCMService : [getNCMWeekModelList] rank:53, singer:Vicetone
2017-08-03 13:31:53 [INFO ] [main] n.s.NCMService : [getNCMWeekModelList] rank:53, singerId:747030
2017-08-03 13:31:53 [INFO ] [main] n.s.NCMService : [getNCMWeekModelList] rank:54, songId:4154790
2017-08-03 13:31:53 [INFO ] [main] n.s.NCMService : [getNCMWeekModelList] rank:54, song:Need You Now
2017-08-03 13:31:53 [INFO ] [main] n.s.NCMService : [getNCMWeekModelList] rank:54, width:2.0
2017-08-03 13:31:53 [INFO ] [main] n.s.NCMService : [getNCMWeekModelList] rank:54, singer:Lady Antebellum
2017-08-03 13:31:53 [INFO ] [main] n.s.NCMService : [getNCMWeekModelList] rank:54, singerId:95456
2017-08-03 13:31:53 [INFO ] [main] n.s.NCMService : [getNCMWeekModelList] rank:55, songId:412902950
2017-08-03 13:31:53 [INFO ] [main] n.s.NCMService : [getNCMWeekModelList] rank:55, song:最佳歌手
2017-08-03 13:31:53 [INFO ] [main] n.s.NCMService : [getNCMWeekModelList] rank:55, width:2.0
2017-08-03 13:31:53 [INFO ] [main] n.s.NCMService : [getNCMWeekModelList] rank:55, singer:许嵩
2017-08-03 13:31:53 [INFO ] [main] n.s.NCMService : [getNCMWeekModelList] rank:55, singerId:5771
2017-08-03 13:31:53 [INFO ] [main] n.s.NCMService : [getNCMWeekModelList] rank:56, songId:411214279
2017-08-03 13:31:53 [INFO ] [main] n.s.NCMService : [getNCMWeekModelList] rank:56, song:雅俗共赏
2017-08-03 13:31:53 [INFO ] [main] n.s.NCMService : [getNCMWeekModelList] rank:56, width:2.0
2017-08-03 13:31:53 [INFO ] [main] n.s.NCMService : [getNCMWeekModelList] rank:56, singer:许嵩
2017-08-03 13:31:53 [INFO ] [main] n.s.NCMService : [getNCMWeekModelList] rank:56, singerId:5771
2017-08-03 13:31:53 [INFO ] [main] n.s.NCMService : [getNCMWeekModelList] rank:57, songId:409060415
2017-08-03 13:31:53 [INFO ] [main] n.s.NCMService : [getNCMWeekModelList] rank:57, song:Bullet
2017-08-03 13:31:53 [INFO ] [main] n.s.NCMService : [getNCMWeekModelList] rank:57, width:2.0
2017-08-03 13:31:54 [INFO ] [main] n.s.NCMService : [getNCMWeekModelList] rank:57, singer:Chelsea Lankes
2017-08-03 13:31:54 [INFO ] [main] n.s.NCMService : [getNCMWeekModelList] rank:57, singerId:53032
2017-08-03 13:31:54 [INFO ] [main] n.s.NCMService : [getNCMWeekModelList] rank:58, songId:407000354
2017-08-03 13:31:54 [INFO ] [main] n.s.NCMService : [getNCMWeekModelList] rank:58, song:Work (R3hab Remix)
2017-08-03 13:31:54 [INFO ] [main] n.s.NCMService : [getNCMWeekModelList] rank:58, width:2.0
2017-08-03 13:31:54 [INFO ] [main] n.s.NCMService : [getNCMWeekModelList] rank:58, singer:Rihanna/R3hab
2017-08-03 13:31:54 [INFO ] [main] n.s.NCMService : [getNCMWeekModelList] rank:58, singerId:72724
2017-08-03 13:31:54 [INFO ] [main] n.s.NCMService : [getNCMWeekModelList] rank:59, songId:406355
2017-08-03 13:31:54 [INFO ] [main] n.s.NCMService : [getNCMWeekModelList] rank:59, song:Re...Japanesque
2017-08-03 13:31:54 [INFO ] [main] n.s.NCMService : [getNCMWeekModelList] rank:59, width:2.0
2017-08-03 13:31:54 [INFO ] [main] n.s.NCMService : [getNCMWeekModelList] rank:59, singer:DAISHI DANCE
2017-08-03 13:31:54 [INFO ] [main] n.s.NCMService : [getNCMWeekModelList] rank:59, singerId:13953
2017-08-03 13:31:54 [INFO ] [main] n.s.NCMService : [getNCMWeekModelList] rank:60, songId:404182830
2017-08-03 13:31:54 [INFO ] [main] n.s.NCMService : [getNCMWeekModelList] rank:60, song:Cry Wolf
2017-08-03 13:31:54 [INFO ] [main] n.s.NCMService : [getNCMWeekModelList] rank:60, width:2.0
2017-08-03 13:31:54 [INFO ] [main] n.s.NCMService : [getNCMWeekModelList] rank:60, singer:Luna Shadows
2017-08-03 13:31:54 [INFO ] [main] n.s.NCMService : [getNCMWeekModelList] rank:60, singerId:12000103
2017-08-03 13:31:54 [INFO ] [main] n.s.NCMService : [getNCMWeekModelList] rank:61, songId:403012527
2017-08-03 13:31:54 [INFO ] [main] n.s.NCMService : [getNCMWeekModelList] rank:61, song:Escape
2017-08-03 13:31:54 [INFO ] [main] n.s.NCMService : [getNCMWeekModelList] rank:61, width:2.0
2017-08-03 13:31:54 [INFO ] [main] n.s.NCMService : [getNCMWeekModelList] rank:61, singer:Dripice
2017-08-03 13:31:54 [INFO ] [main] n.s.NCMService : [getNCMWeekModelList] rank:61, singerId:1050671
2017-08-03 13:31:54 [INFO ] [main] n.s.NCMService : [getNCMWeekModelList] rank:62, songId:38592976
2017-08-03 13:31:54 [INFO ] [main] n.s.NCMService : [getNCMWeekModelList] rank:62, song:Dream It Possible
2017-08-03 13:31:54 [INFO ] [main] n.s.NCMService : [getNCMWeekModelList] rank:62, width:2.0
2017-08-03 13:31:54 [INFO ] [main] n.s.NCMService : [getNCMWeekModelList] rank:62, singer:Delacey
2017-08-03 13:31:54 [INFO ] [main] n.s.NCMService : [getNCMWeekModelList] rank:62, singerId:489045
2017-08-03 13:31:54 [INFO ] [main] n.s.NCMService : [getNCMWeekModelList] rank:63, songId:37095955
2017-08-03 13:31:54 [INFO ] [main] n.s.NCMService : [getNCMWeekModelList] rank:63, song:Dream It Possible
2017-08-03 13:31:54 [INFO ] [main] n.s.NCMService : [getNCMWeekModelList] rank:63, width:2.0
2017-08-03 13:31:54 [INFO ] [main] n.s.NCMService : [getNCMWeekModelList] rank:63, singer:张靓颖
2017-08-03 13:31:54 [INFO ] [main] n.s.NCMService : [getNCMWeekModelList] rank:63, singerId:10561
2017-08-03 13:31:54 [INFO ] [main] n.s.NCMService : [getNCMWeekModelList] rank:64, songId:36990266
2017-08-03 13:31:54 [INFO ] [main] n.s.NCMService : [getNCMWeekModelList] rank:64, song:Faded
2017-08-03 13:31:54 [INFO ] [main] n.s.NCMService : [getNCMWeekModelList] rank:64, width:2.0
2017-08-03 13:31:54 [INFO ] [main] n.s.NCMService : [getNCMWeekModelList] rank:64, singer:Alan Walker
2017-08-03 13:31:54 [INFO ] [main] n.s.NCMService : [getNCMWeekModelList] rank:64, singerId:1045123
2017-08-03 13:31:54 [INFO ] [main] n.s.NCMService : [getNCMWeekModelList] rank:65, songId:36051225
2017-08-03 13:31:54 [INFO ] [main] n.s.NCMService : [getNCMWeekModelList] rank:65, song:Higher
2017-08-03 13:31:54 [INFO ] [main] n.s.NCMService : [getNCMWeekModelList] rank:65, width:2.0
2017-08-03 13:31:54 [INFO ] [main] n.s.NCMService : [getNCMWeekModelList] rank:65, singer:Cajsa Siik
2017-08-03 13:31:54 [INFO ] [main] n.s.NCMService : [getNCMWeekModelList] rank:65, singerId:1058143
2017-08-03 13:31:54 [INFO ] [main] n.s.NCMService : [getNCMWeekModelList] rank:66, songId:3545662
2017-08-03 13:31:54 [INFO ] [main] n.s.NCMService : [getNCMWeekModelList] rank:66, song:You and Me
2017-08-03 13:31:55 [INFO ] [main] n.s.NCMService : [getNCMWeekModelList] rank:66, width:2.0
2017-08-03 13:31:55 [INFO ] [main] n.s.NCMService : [getNCMWeekModelList] rank:66, singer:Solid Base
2017-08-03 13:31:55 [INFO ] [main] n.s.NCMService : [getNCMWeekModelList] rank:66, singerId:77754
2017-08-03 13:31:55 [INFO ] [main] n.s.NCMService : [getNCMWeekModelList] rank:67, songId:34144434
2017-08-03 13:31:55 [INFO ] [main] n.s.NCMService : [getNCMWeekModelList] rank:67, song:Where Is The Love（Soule Rework)
2017-08-03 13:31:55 [INFO ] [main] n.s.NCMService : [getNCMWeekModelList] rank:67, width:2.0
2017-08-03 13:31:55 [INFO ] [main] n.s.NCMService : [getNCMWeekModelList] rank:67, singer:Clément Bcx/Black Eyed Peas/Ellena Soule
2017-08-03 13:31:55 [INFO ] [main] n.s.NCMService : [getNCMWeekModelList] rank:67, singerId:1078228
2017-08-03 13:31:55 [INFO ] [main] n.s.NCMService : [getNCMWeekModelList] rank:68, songId:34040331
2017-08-03 13:31:55 [INFO ] [main] n.s.NCMService : [getNCMWeekModelList] rank:68, song:We Just Laugh About It
2017-08-03 13:31:55 [INFO ] [main] n.s.NCMService : [getNCMWeekModelList] rank:68, width:2.0
2017-08-03 13:31:55 [INFO ] [main] n.s.NCMService : [getNCMWeekModelList] rank:68, singer:Lucky Twice
2017-08-03 13:31:55 [INFO ] [main] n.s.NCMService : [getNCMWeekModelList] rank:68, singerId:95589
2017-08-03 13:31:55 [INFO ] [main] n.s.NCMService : [getNCMWeekModelList] rank:69, songId:3374005
2017-08-03 13:31:55 [INFO ] [main] n.s.NCMService : [getNCMWeekModelList] rank:69, song:Рiчка
2017-08-03 13:31:55 [INFO ] [main] n.s.NCMService : [getNCMWeekModelList] rank:69, width:2.0
2017-08-03 13:31:55 [INFO ] [main] n.s.NCMService : [getNCMWeekModelList] rank:69, singer:波丹.尤莉娅
2017-08-03 13:31:55 [INFO ] [main] n.s.NCMService : [getNCMWeekModelList] rank:69, singerId:73708
2017-08-03 13:31:55 [INFO ] [main] n.s.NCMService : [getNCMWeekModelList] rank:70, songId:33497955
2017-08-03 13:31:55 [INFO ] [main] n.s.NCMService : [getNCMWeekModelList] rank:70, song:Mine (Win & Woo Remix)
2017-08-03 13:31:55 [INFO ] [main] n.s.NCMService : [getNCMWeekModelList] rank:70, width:2.0
2017-08-03 13:31:55 [INFO ] [main] n.s.NCMService : [getNCMWeekModelList] rank:70, singer:Win & Woo
2017-08-03 13:31:55 [INFO ] [main] n.s.NCMService : [getNCMWeekModelList] rank:70, singerId:1116290
2017-08-03 13:31:55 [INFO ] [main] n.s.NCMService : [getNCMWeekModelList] rank:71, songId:31654343
2017-08-03 13:31:55 [INFO ] [main] n.s.NCMService : [getNCMWeekModelList] rank:71, song:不将就
2017-08-03 13:31:55 [INFO ] [main] n.s.NCMService : [getNCMWeekModelList] rank:71, width:2.0
2017-08-03 13:31:55 [INFO ] [main] n.s.NCMService : [getNCMWeekModelList] rank:71, singer:李荣浩
2017-08-03 13:31:55 [INFO ] [main] n.s.NCMService : [getNCMWeekModelList] rank:71, singerId:4292
2017-08-03 13:31:55 [INFO ] [main] n.s.NCMService : [getNCMWeekModelList] rank:72, songId:30953009
2017-08-03 13:31:55 [INFO ] [main] n.s.NCMService : [getNCMWeekModelList] rank:72, song:See You Again
2017-08-03 13:31:55 [INFO ] [main] n.s.NCMService : [getNCMWeekModelList] rank:72, width:2.0
2017-08-03 13:31:55 [INFO ] [main] n.s.NCMService : [getNCMWeekModelList] rank:72, singer:Wiz Khalifa/Charlie Puth
2017-08-03 13:31:55 [INFO ] [main] n.s.NCMService : [getNCMWeekModelList] rank:72, singerId:46006
2017-08-03 13:31:55 [INFO ] [main] n.s.NCMService : [getNCMWeekModelList] rank:73, songId:30903117
2017-08-03 13:31:55 [INFO ] [main] n.s.NCMService : [getNCMWeekModelList] rank:73, song:漂洋过海来看你
2017-08-03 13:31:55 [INFO ] [main] n.s.NCMService : [getNCMWeekModelList] rank:73, width:2.0
2017-08-03 13:31:55 [INFO ] [main] n.s.NCMService : [getNCMWeekModelList] rank:73, singer:周深
2017-08-03 13:31:55 [INFO ] [main] n.s.NCMService : [getNCMWeekModelList] rank:73, singerId:1030001
2017-08-03 13:31:55 [INFO ] [main] n.s.NCMService : [getNCMWeekModelList] rank:74, songId:30245042
2017-08-03 13:31:55 [INFO ] [main] n.s.NCMService : [getNCMWeekModelList] rank:74, song:私の嘘～PianoSolo
2017-08-03 13:31:55 [INFO ] [main] n.s.NCMService : [getNCMWeekModelList] rank:74, width:2.0
2017-08-03 13:31:55 [INFO ] [main] n.s.NCMService : [getNCMWeekModelList] rank:74, singer:横山克
2017-08-03 13:31:55 [INFO ] [main] n.s.NCMService : [getNCMWeekModelList] rank:74, singerId:15917
2017-08-03 13:31:56 [INFO ] [main] n.s.NCMService : [getNCMWeekModelList] rank:75, songId:29803676
2017-08-03 13:31:56 [INFO ] [main] n.s.NCMService : [getNCMWeekModelList] rank:75, song:Lone Ranger
2017-08-03 13:31:56 [INFO ] [main] n.s.NCMService : [getNCMWeekModelList] rank:75, width:2.0
2017-08-03 13:31:56 [INFO ] [main] n.s.NCMService : [getNCMWeekModelList] rank:75, singer:Rachel Platten
2017-08-03 13:31:56 [INFO ] [main] n.s.NCMService : [getNCMWeekModelList] rank:75, singerId:74518
2017-08-03 13:31:56 [INFO ] [main] n.s.NCMService : [getNCMWeekModelList] rank:76, songId:29747524
2017-08-03 13:31:56 [INFO ] [main] n.s.NCMService : [getNCMWeekModelList] rank:76, song:Love You Like a Love Song
2017-08-03 13:31:56 [INFO ] [main] n.s.NCMService : [getNCMWeekModelList] rank:76, width:2.0
2017-08-03 13:31:56 [INFO ] [main] n.s.NCMService : [getNCMWeekModelList] rank:76, singer:Selena Gomez
2017-08-03 13:31:56 [INFO ] [main] n.s.NCMService : [getNCMWeekModelList] rank:76, singerId:140196
2017-08-03 13:31:56 [INFO ] [main] n.s.NCMService : [getNCMWeekModelList] rank:77, songId:29734857
2017-08-03 13:31:56 [INFO ] [main] n.s.NCMService : [getNCMWeekModelList] rank:77, song:Cornfield Chase
2017-08-03 13:31:56 [INFO ] [main] n.s.NCMService : [getNCMWeekModelList] rank:77, width:2.0
2017-08-03 13:31:56 [INFO ] [main] n.s.NCMService : [getNCMWeekModelList] rank:77, singer:Hans Zimmer
2017-08-03 13:31:56 [INFO ] [main] n.s.NCMService : [getNCMWeekModelList] rank:77, singerId:34517
2017-08-03 13:31:56 [INFO ] [main] n.s.NCMService : [getNCMWeekModelList] rank:78, songId:29583256
2017-08-03 13:31:56 [INFO ] [main] n.s.NCMService : [getNCMWeekModelList] rank:78, song:ほえ?
2017-08-03 13:31:56 [INFO ] [main] n.s.NCMService : [getNCMWeekModelList] rank:78, width:2.0
2017-08-03 13:31:56 [INFO ] [main] n.s.NCMService : [getNCMWeekModelList] rank:78, singer:根岸貴幸
2017-08-03 13:31:56 [INFO ] [main] n.s.NCMService : [getNCMWeekModelList] rank:78, singerId:15027
2017-08-03 13:31:56 [INFO ] [main] n.s.NCMService : [getNCMWeekModelList] rank:79, songId:29378196
2017-08-03 13:31:56 [INFO ] [main] n.s.NCMService : [getNCMWeekModelList] rank:79, song:Changing [Goldsmyth Edition]
2017-08-03 13:31:56 [INFO ] [main] n.s.NCMService : [getNCMWeekModelList] rank:79, width:2.0
2017-08-03 13:31:56 [INFO ] [main] n.s.NCMService : [getNCMWeekModelList] rank:79, singer:SIGMA/Paloma Faith
2017-08-03 13:31:56 [INFO ] [main] n.s.NCMService : [getNCMWeekModelList] rank:79, singerId:101736
2017-08-03 13:31:56 [INFO ] [main] n.s.NCMService : [getNCMWeekModelList] rank:80, songId:29019227
2017-08-03 13:31:56 [INFO ] [main] n.s.NCMService : [getNCMWeekModelList] rank:80, song:Sugar
2017-08-03 13:31:56 [INFO ] [main] n.s.NCMService : [getNCMWeekModelList] rank:80, width:2.0
2017-08-03 13:31:56 [INFO ] [main] n.s.NCMService : [getNCMWeekModelList] rank:80, singer:Maroon 5
2017-08-03 13:31:56 [INFO ] [main] n.s.NCMService : [getNCMWeekModelList] rank:80, singerId:96266
2017-08-03 13:31:56 [INFO ] [main] n.s.NCMService : [getNCMWeekModelList] rank:81, songId:28756834
2017-08-03 13:31:56 [INFO ] [main] n.s.NCMService : [getNCMWeekModelList] rank:81, song:All About that Bass
2017-08-03 13:31:56 [INFO ] [main] n.s.NCMService : [getNCMWeekModelList] rank:81, width:2.0
2017-08-03 13:31:56 [INFO ] [main] n.s.NCMService : [getNCMWeekModelList] rank:81, singer:Meghan Trainor
2017-08-03 13:31:56 [INFO ] [main] n.s.NCMService : [getNCMWeekModelList] rank:81, singerId:69173
2017-08-03 13:31:56 [INFO ] [main] n.s.NCMService : [getNCMWeekModelList] rank:82, songId:2870985
2017-08-03 13:31:56 [INFO ] [main] n.s.NCMService : [getNCMWeekModelList] rank:82, song:Stronger (What Doesn't Kill You)
2017-08-03 13:31:56 [INFO ] [main] n.s.NCMService : [getNCMWeekModelList] rank:82, width:2.0
2017-08-03 13:31:56 [INFO ] [main] n.s.NCMService : [getNCMWeekModelList] rank:82, singer:Kelly Clarkson
2017-08-03 13:31:56 [INFO ] [main] n.s.NCMService : [getNCMWeekModelList] rank:82, singerId:62885
2017-08-03 13:31:56 [INFO ] [main] n.s.NCMService : [getNCMWeekModelList] rank:83, songId:28690875
2017-08-03 13:31:56 [INFO ] [main] n.s.NCMService : [getNCMWeekModelList] rank:83, song:#SELFIE (Instrumental Mix)
2017-08-03 13:31:56 [INFO ] [main] n.s.NCMService : [getNCMWeekModelList] rank:83, width:2.0
2017-08-03 13:31:56 [INFO ] [main] n.s.NCMService : [getNCMWeekModelList] rank:83, singer:The Chainsmokers
2017-08-03 13:31:57 [INFO ] [main] n.s.NCMService : [getNCMWeekModelList] rank:83, singerId:893484
2017-08-03 13:31:57 [INFO ] [main] n.s.NCMService : [getNCMWeekModelList] rank:84, songId:2867202
2017-08-03 13:31:57 [INFO ] [main] n.s.NCMService : [getNCMWeekModelList] rank:84, song:Domino
2017-08-03 13:31:57 [INFO ] [main] n.s.NCMService : [getNCMWeekModelList] rank:84, width:2.0
2017-08-03 13:31:57 [INFO ] [main] n.s.NCMService : [getNCMWeekModelList] rank:84, singer:Jessie J
2017-08-03 13:31:57 [INFO ] [main] n.s.NCMService : [getNCMWeekModelList] rank:84, singerId:62662
2017-08-03 13:31:57 [INFO ] [main] n.s.NCMService : [getNCMWeekModelList] rank:85, songId:28391133
2017-08-03 13:31:57 [INFO ] [main] n.s.NCMService : [getNCMWeekModelList] rank:85, song:One Time
2017-08-03 13:31:57 [INFO ] [main] n.s.NCMService : [getNCMWeekModelList] rank:85, width:2.0
2017-08-03 13:31:57 [INFO ] [main] n.s.NCMService : [getNCMWeekModelList] rank:85, singer:Marian Hill
2017-08-03 13:31:57 [INFO ] [main] n.s.NCMService : [getNCMWeekModelList] rank:85, singerId:893433
2017-08-03 13:31:57 [INFO ] [main] n.s.NCMService : [getNCMWeekModelList] rank:86, songId:28285910
2017-08-03 13:31:57 [INFO ] [main] n.s.NCMService : [getNCMWeekModelList] rank:86, song:岁月神偷
2017-08-03 13:31:57 [INFO ] [main] n.s.NCMService : [getNCMWeekModelList] rank:86, width:2.0
2017-08-03 13:31:57 [INFO ] [main] n.s.NCMService : [getNCMWeekModelList] rank:86, singer:金玟岐
2017-08-03 13:31:57 [INFO ] [main] n.s.NCMService : [getNCMWeekModelList] rank:86, singerId:893259
2017-08-03 13:31:57 [INFO ] [main] n.s.NCMService : [getNCMWeekModelList] rank:87, songId:280761
2017-08-03 13:31:57 [INFO ] [main] n.s.NCMService : [getNCMWeekModelList] rank:87, song:相见恨晚
2017-08-03 13:31:57 [INFO ] [main] n.s.NCMService : [getNCMWeekModelList] rank:87, width:2.0
2017-08-03 13:31:57 [INFO ] [main] n.s.NCMService : [getNCMWeekModelList] rank:87, singer:彭佳慧
2017-08-03 13:31:57 [INFO ] [main] n.s.NCMService : [getNCMWeekModelList] rank:87, singerId:9102
2017-08-03 13:31:57 [INFO ] [main] n.s.NCMService : [getNCMWeekModelList] rank:88, songId:27979277
2017-08-03 13:31:57 [INFO ] [main] n.s.NCMService : [getNCMWeekModelList] rank:88, song:Say Yes
2017-08-03 13:31:57 [INFO ] [main] n.s.NCMService : [getNCMWeekModelList] rank:88, width:2.0
2017-08-03 13:31:57 [INFO ] [main] n.s.NCMService : [getNCMWeekModelList] rank:88, singer:This Is Leon
2017-08-03 13:31:57 [INFO ] [main] n.s.NCMService : [getNCMWeekModelList] rank:88, singerId:1049288
2017-08-03 13:31:57 [INFO ] [main] n.s.NCMService : [getNCMWeekModelList] rank:89, songId:27867140
2017-08-03 13:31:57 [INFO ] [main] n.s.NCMService : [getNCMWeekModelList] rank:89, song:房间
2017-08-03 13:31:57 [INFO ] [main] n.s.NCMService : [getNCMWeekModelList] rank:89, width:2.0
2017-08-03 13:31:57 [INFO ] [main] n.s.NCMService : [getNCMWeekModelList] rank:89, singer:刘瑞琦
2017-08-03 13:31:57 [INFO ] [main] n.s.NCMService : [getNCMWeekModelList] rank:89, singerId:840134
2017-08-03 13:31:57 [INFO ] [main] n.s.NCMService : [getNCMWeekModelList] rank:90, songId:27795934
2017-08-03 13:31:57 [INFO ] [main] n.s.NCMService : [getNCMWeekModelList] rank:90, song:Wake
2017-08-03 13:31:57 [INFO ] [main] n.s.NCMService : [getNCMWeekModelList] rank:90, width:2.0
2017-08-03 13:31:57 [INFO ] [main] n.s.NCMService : [getNCMWeekModelList] rank:90, singer:Hillsong Young And Free
2017-08-03 13:31:57 [INFO ] [main] n.s.NCMService : [getNCMWeekModelList] rank:90, singerId:835002
2017-08-03 13:31:57 [INFO ] [main] n.s.NCMService : [getNCMWeekModelList] rank:91, songId:27759600
2017-08-03 13:31:57 [INFO ] [main] n.s.NCMService : [getNCMWeekModelList] rank:91, song:Five Hundred Miles
2017-08-03 13:31:57 [INFO ] [main] n.s.NCMService : [getNCMWeekModelList] rank:91, width:2.0
2017-08-03 13:31:57 [INFO ] [main] n.s.NCMService : [getNCMWeekModelList] rank:91, singer:Justin Timberlake/Carey Mulligan/Stark Sands
2017-08-03 13:31:58 [INFO ] [main] n.s.NCMService : [getNCMWeekModelList] rank:91, singerId:35331
2017-08-03 13:31:58 [INFO ] [main] n.s.NCMService : [getNCMWeekModelList] rank:92, songId:26492802
2017-08-03 13:31:58 [INFO ] [main] n.s.NCMService : [getNCMWeekModelList] rank:92, song:Can't Complain
2017-08-03 13:31:58 [INFO ] [main] n.s.NCMService : [getNCMWeekModelList] rank:92, width:2.0
2017-08-03 13:31:58 [INFO ] [main] n.s.NCMService : [getNCMWeekModelList] rank:92, singer:Relient K
2017-08-03 13:31:58 [INFO ] [main] n.s.NCMService : [getNCMWeekModelList] rank:92, singerId:41943
2017-08-03 13:31:58 [INFO ] [main] n.s.NCMService : [getNCMWeekModelList] rank:93, songId:26203580
2017-08-03 13:31:58 [INFO ] [main] n.s.NCMService : [getNCMWeekModelList] rank:93, song:I Wanna Go
2017-08-03 13:31:58 [INFO ] [main] n.s.NCMService : [getNCMWeekModelList] rank:93, width:2.0
2017-08-03 13:31:58 [INFO ] [main] n.s.NCMService : [getNCMWeekModelList] rank:93, singer:Britney Spears
2017-08-03 13:31:58 [INFO ] [main] n.s.NCMService : [getNCMWeekModelList] rank:93, singerId:48432
2017-08-03 13:31:58 [INFO ] [main] n.s.NCMService : [getNCMWeekModelList] rank:94, songId:25862803
2017-08-03 13:31:58 [INFO ] [main] n.s.NCMService : [getNCMWeekModelList] rank:94, song:TEENAGE LIFE
2017-08-03 13:31:58 [INFO ] [main] n.s.NCMService : [getNCMWeekModelList] rank:94, width:2.0
2017-08-03 13:31:58 [INFO ] [main] n.s.NCMService : [getNCMWeekModelList] rank:94, singer:Various Artists
2017-08-03 13:31:58 [INFO ] [main] n.s.NCMService : [getNCMWeekModelList] rank:94, singerId:104700
2017-08-03 13:31:58 [INFO ] [main] n.s.NCMService : [getNCMWeekModelList] rank:95, songId:25657280
2017-08-03 13:31:58 [INFO ] [main] n.s.NCMService : [getNCMWeekModelList] rank:95, song:The Lazy Song
2017-08-03 13:31:58 [INFO ] [main] n.s.NCMService : [getNCMWeekModelList] rank:95, width:2.0
2017-08-03 13:31:58 [INFO ] [main] n.s.NCMService : [getNCMWeekModelList] rank:95, singer:Bruno Mars
2017-08-03 13:31:58 [INFO ] [main] n.s.NCMService : [getNCMWeekModelList] rank:95, singerId:178059
2017-08-03 13:31:58 [INFO ] [main] n.s.NCMService : [getNCMWeekModelList] rank:96, songId:2538549
2017-08-03 13:31:58 [INFO ] [main] n.s.NCMService : [getNCMWeekModelList] rank:96, song:Sexual Healing
2017-08-03 13:31:58 [INFO ] [main] n.s.NCMService : [getNCMWeekModelList] rank:96, width:2.0
2017-08-03 13:31:58 [INFO ] [main] n.s.NCMService : [getNCMWeekModelList] rank:96, singer:Elize
2017-08-03 13:31:58 [INFO ] [main] n.s.NCMService : [getNCMWeekModelList] rank:96, singerId:55579
2017-08-03 13:31:58 [INFO ] [main] n.s.NCMService : [getNCMWeekModelList] rank:97, songId:22712173
2017-08-03 13:31:58 [INFO ] [main] n.s.NCMService : [getNCMWeekModelList] rank:97, song:Refrain
2017-08-03 13:31:58 [INFO ] [main] n.s.NCMService : [getNCMWeekModelList] rank:97, width:2.0
2017-08-03 13:31:59 [INFO ] [main] n.s.NCMService : [getNCMWeekModelList] rank:97, singer:Anan Ryoko
2017-08-03 13:31:59 [INFO ] [main] n.s.NCMService : [getNCMWeekModelList] rank:97, singerId:16069
2017-08-03 13:31:59 [INFO ] [main] n.s.NCMService : [getNCMWeekModelList] rank:98, songId:22706999
2017-08-03 13:31:59 [INFO ] [main] n.s.NCMService : [getNCMWeekModelList] rank:98, song:潮鳴りII
2017-08-03 13:31:59 [INFO ] [main] n.s.NCMService : [getNCMWeekModelList] rank:98, width:2.0
2017-08-03 13:31:59 [INFO ] [main] n.s.NCMService : [getNCMWeekModelList] rank:98, singer:折戸伸治
2017-08-03 13:31:59 [INFO ] [main] n.s.NCMService : [getNCMWeekModelList] rank:98, singerId:15102
2017-08-03 13:31:59 [INFO ] [main] n.s.NCMService : [getNCMWeekModelList] rank:99, songId:2187803
2017-08-03 13:31:59 [INFO ] [main] n.s.NCMService : [getNCMWeekModelList] rank:99, song:Best Thing I Never Had
2017-08-03 13:31:59 [INFO ] [main] n.s.NCMService : [getNCMWeekModelList] rank:99, width:2.0
2017-08-03 13:31:59 [INFO ] [main] n.s.NCMService : [getNCMWeekModelList] rank:99, singer:Beyoncé
2017-08-03 13:31:59 [INFO ] [main] n.s.NCMService : [getNCMWeekModelList] rank:99, singerId:48436
2017-08-03 13:31:59 [INFO ] [main] n.s.NCMService : [getNCMWeekModelList] rank:100, songId:2117962
2017-08-03 13:31:59 [INFO ] [main] n.s.NCMService : [getNCMWeekModelList] rank:100, song:Complicated
2017-08-03 13:31:59 [INFO ] [main] n.s.NCMService : [getNCMWeekModelList] rank:100, width:2.0
2017-08-03 13:31:59 [INFO ] [main] n.s.NCMService : [getNCMWeekModelList] rank:100, singer:Avril Lavigne
2017-08-03 13:31:59 [INFO ] [main] n.s.NCMService : [getNCMWeekModelList] rank:100, singerId:46490
2017-08-03 13:31:59 [INFO ] [main] n.s.NCMService : [getNCMWeekModelList] ncmWeekModelList:[NCMWeekModel{id=null, song='我的一个道姑朋友（Cover：Lon&タイナカ彩智）', songId=437250607, singer='以冬', singerId=12065133, rank=1, width=100.0, call=50, date=Thu Aug 03 13:30:00 CST 2017}, NCMWeekModel{id=null, song='一腔诗意喂了狗', songId=460542191, singer='花粥', singerId=8103, rank=2, width=34.0, call=17, date=Thu Aug 03 13:30:00 CST 2017}, NCMWeekModel{id=null, song='风一样的我', songId=489768475, singer='叶炫清', singerId=12186038, rank=3, width=15.0, call=8, date=Thu Aug 03 13:30:00 CST 2017}, NCMWeekModel{id=null, song='九张机', songId=488256319, singer='叶炫清', singerId=12186038, rank=4, width=13.0, call=7, date=Thu Aug 03 13:30:00 CST 2017}, NCMWeekModel{id=null, song='Second Nature', songId=418550944, singer='Stalking Gia', singerId=12067056, rank=5, width=13.0, call=7, date=Thu Aug 03 13:30:00 CST 2017}, NCMWeekModel{id=null, song='Worth It', songId=30212890, singer='Fifth Harmony/KiD Ink', singerId=794152, rank=6, width=13.0, call=7, date=Thu Aug 03 13:30:00 CST 2017}, NCMWeekModel{id=null, song='原来我以为', songId=437856462, singer='王滔', singerId=226351, rank=7, width=11.0, call=6, date=Thu Aug 03 13:30:00 CST 2017}, NCMWeekModel{id=null, song='不懂', songId=489998572, singer='贾添', singerId=12504167, rank=8, width=9.0, call=5, date=Thu Aug 03 13:30:00 CST 2017}, NCMWeekModel{id=null, song='有点甜', songId=165340, singer='汪苏泷/By2', singerId=5538, rank=9, width=9.0, call=5, date=Thu Aug 03 13:30:00 CST 2017}, NCMWeekModel{id=null, song='Somebody Else', songId=429769764, singer='VÉRITÉ', singerId=963498, rank=10, width=6.0, call=3, date=Thu Aug 03 13:30:00 CST 2017}, NCMWeekModel{id=null, song='是你', songId=424262516, singer='TFBOYS', singerId=827728, rank=11, width=6.0, call=3, date=Thu Aug 03 13:30:00 CST 2017}, NCMWeekModel{id=null, song='Fresh Eyes', songId=423118988, singer='Andy Grammer', singerId=28820, rank=12, width=6.0, call=3, date=Thu Aug 03 13:30:00 CST 2017}, NCMWeekModel{id=null, song='Colors (Sam Feldt Radio Edit)', songId=409031195, singer='Sam Feldt/Halsey', singerId=1025255, rank=13, width=6.0, call=3, date=Thu Aug 03 13:30:00 CST 2017}, NCMWeekModel{id=null, song='走着走着就散了', songId=35447858, singer='庄心妍', singerId=167013, rank=14, width=6.0, call=3, date=Thu Aug 03 13:30:00 CST 2017}, NCMWeekModel{id=null, song='样(YOUNG)', songId=31356788, singer='TFBOYS', singerId=827728, rank=15, width=6.0, call=3, date=Thu Aug 03 13:30:00 CST 2017}, NCMWeekModel{id=null, song='初见(笛子版)', songId=28590162, singer='郝一刚', singerId=827728, rank=16, width=6.0, call=3, date=Thu Aug 03 13:30:00 CST 2017}, NCMWeekModel{id=null, song='说好的幸福呢', songId=185699, singer='周杰伦', singerId=6452, rank=17, width=6.0, call=3, date=Thu Aug 03 13:30:00 CST 2017}, NCMWeekModel{id=null, song='枕着溪水入眠', songId=717148, singer='Della', singerId=19205, rank=18, width=4.0, call=2, date=Thu Aug 03 13:30:00 CST 2017}, NCMWeekModel{id=null, song='love love-双世宠妃插曲（Cover 金润吉）', songId=492974601, singer='God小婕', singerId=12217051, rank=19, width=4.0, call=2, date=Thu Aug 03 13:30:00 CST 2017}, NCMWeekModel{id=null, song='Give Me Your Love', songId=445666806, singer='DEAMN', singerId=12047335, rank=20, width=4.0, call=2, date=Thu Aug 03 13:30:00 CST 2017}, NCMWeekModel{id=null, song='Perfect Strangers', songId=415904450, singer='Jonas Blue/JP Cooper', singerId=1192069, rank=21, width=4.0, call=2, date=Thu Aug 03 13:30:00 CST 2017}, NCMWeekModel{id=null, song='Sing Me to Sleep', songId=415792222, singer='Alan Walker', singerId=1045123, rank=22, width=4.0, call=2, date=Thu Aug 03 13:30:00 CST 2017}, NCMWeekModel{id=null, song='Zimt', songId=409031374, singer='LissA', singerId=66172, rank=23, width=4.0, call=2, date=Thu Aug 03 13:30:00 CST 2017}, NCMWeekModel{id=null, song='Down', songId=405226741, singer='Marian Hill', singerId=893433, rank=24, width=4.0, call=2, date=Thu Aug 03 13:30:00 CST 2017}, NCMWeekModel{id=null, song='Breath and Life', songId=3935139, singer='Audio Machine', singerId=87066, rank=25, width=4.0, call=2, date=Thu Aug 03 13:30:00 CST 2017}, NCMWeekModel{id=null, song='Lil Mama', songId=36492681, singer='Jain', singerId=1081794, rank=26, width=4.0, call=2, date=Thu Aug 03 13:30:00 CST 2017}, NCMWeekModel{id=null, song='color-X 3D', songId=34380473, singer='徐梦圆', singerId=1142042, rank=27, width=4.0, call=2, date=Thu Aug 03 13:30:00 CST 2017}, NCMWeekModel{id=null, song='Beauty', songId=32166834, singer='Wolf Colony', singerId=818119, rank=28, width=4.0, call=2, date=Thu Aug 03 13:30:00 CST 2017}, NCMWeekModel{id=null, song='Seve', songId=30394891, singer='Tez Cadey', singerId=488571, rank=29, width=4.0, call=2, date=Thu Aug 03 13:30:00 CST 2017}, NCMWeekModel{id=null, song='Good Luck', songId=29418861, singer='Lenachka', singerId=1016181, rank=30, width=4.0, call=2, date=Thu Aug 03 13:30:00 CST 2017}, NCMWeekModel{id=null, song='Skin Tight', songId=29418363, singer='Niykee Heaton', singerId=905145, rank=31, width=4.0, call=2, date=Thu Aug 03 13:30:00 CST 2017}, NCMWeekModel{id=null, song='Firework', songId=2871217, singer='Katy Perry', singerId=62888, rank=32, width=4.0, call=2, date=Thu Aug 03 13:30:00 CST 2017}, NCMWeekModel{id=null, song='Staring At You', songId=27863779, singer='Diane Birch', singerId=53326, rank=33, width=4.0, call=2, date=Thu Aug 03 13:30:00 CST 2017}, NCMWeekModel{id=null, song='The magic key', songId=26783793, singer='Various Artists', singerId=104700, rank=34, width=4.0, call=2, date=Thu Aug 03 13:30:00 CST 2017}, NCMWeekModel{id=null, song='Demons', songId=19945735, singer='Imagine Dragons', singerId=94779, rank=35, width=4.0, call=2, date=Thu Aug 03 13:30:00 CST 2017}, NCMWeekModel{id=null, song='Fall In Love', songId=1884993, singer='Ramzi', singerId=42000, rank=36, width=4.0, call=2, date=Thu Aug 03 13:30:00 CST 2017}, NCMWeekModel{id=null, song='Call You Tonight', songId=1571835, singer='Johnta Austin', singerId=36191, rank=37, width=4.0, call=2, date=Thu Aug 03 13:30:00 CST 2017}, NCMWeekModel{id=null, song='Michael Meets Mozart - 1 Piano, 2 Guys, 100 Cello Tracks', songId=1491163, singer='Jon Schmidt/Steven Sharp Nelson', singerId=35371, rank=38, width=4.0, call=2, date=Thu Aug 03 13:30:00 CST 2017}, NCMWeekModel{id=null, song='Palace Memories~Denouement', songId=818847, singer='S.E.N.S.', singerId=21309, rank=39, width=2.0, call=1, date=Thu Aug 03 13:30:00 CST 2017}, NCMWeekModel{id=null, song='桜花抄', songId=528283, singer='天門', singerId=15599, rank=40, width=2.0, call=1, date=Thu Aug 03 13:30:00 CST 2017}, NCMWeekModel{id=null, song='Better in Time', songId=5142101, singer='Leona Lewis', singerId=64150, rank=41, width=2.0, call=1, date=Thu Aug 03 13:30:00 CST 2017}, NCMWeekModel{id=null, song='君を忘れてた', songId=4964085, singer='Falcom Sound Team jdk', singerId=19455, rank=42, width=2.0, call=1, date=Thu Aug 03 13:30:00 CST 2017}, NCMWeekModel{id=null, song='通关', songId=487379429, singer='许嵩', singerId=5771, rank=43, width=2.0, call=1, date=Thu Aug 03 13:30:00 CST 2017}, NCMWeekModel{id=null, song='Drive My Car', songId=471969020, singer='DEAMN', singerId=12047335, rank=44, width=2.0, call=1, date=Thu Aug 03 13:30:00 CST 2017}, NCMWeekModel{id=null, song='Pretty Girl (Cheat Codes X Cade Remix)', songId=465920775, singer='Cheat Codes/Maggie Lindemann/CADE', singerId=1078252, rank=45, width=2.0, call=1, date=Thu Aug 03 13:30:00 CST 2017}, NCMWeekModel{id=null, song='Something Just Like This', songId=461347998, singer='The Chainsmokers/Coldplay', singerId=893484, rank=46, width=2.0, call=1, date=Thu Aug 03 13:30:00 CST 2017}, NCMWeekModel{id=null, song='true tears::一阵の风', songId=456177, singer='菊地創', singerId=14533, rank=47, width=2.0, call=1, date=Thu Aug 03 13:30:00 CST 2017}, NCMWeekModel{id=null, song='Shape of You', songId=451703096, singer='Ed Sheeran', singerId=33184, rank=48, width=2.0, call=1, date=Thu Aug 03 13:30:00 CST 2017}, NCMWeekModel{id=null, song='Oops', songId=441491080, singer='Little Mix/Charlie Puth', singerId=96072, rank=49, width=2.0, call=1, date=Thu Aug 03 13:30:00 CST 2017}, NCMWeekModel{id=null, song='脑海浮游的你（原曲：大爱）', songId=437311664, singer='以冬', singerId=12065133, rank=50, width=2.0, call=1, date=Thu Aug 03 13:30:00 CST 2017}, NCMWeekModel{id=null, song='童话镇', songId=432506345, singer='陈一发儿', singerId=1137098, rank=51, width=2.0, call=1, date=Thu Aug 03 13:30:00 CST 2017}, NCMWeekModel{id=null, song='Clsr (Aash Mehta Flip)', songId=427142481, singer='Aash Mehta/The Chainsmokers', singerId=1094364, rank=52, width=2.0, call=1, date=Thu Aug 03 13:30:00 CST 2017}, NCMWeekModel{id=null, song='Anywhere I Go', songId=420069116, singer='Vicetone', singerId=747030, rank=53, width=2.0, call=1, date=Thu Aug 03 13:30:00 CST 2017}, NCMWeekModel{id=null, song='Need You Now', songId=4154790, singer='Lady Antebellum', singerId=95456, rank=54, width=2.0, call=1, date=Thu Aug 03 13:30:00 CST 2017}, NCMWeekModel{id=null, song='最佳歌手', songId=412902950, singer='许嵩', singerId=5771, rank=55, width=2.0, call=1, date=Thu Aug 03 13:30:00 CST 2017}, NCMWeekModel{id=null, song='雅俗共赏', songId=411214279, singer='许嵩', singerId=5771, rank=56, width=2.0, call=1, date=Thu Aug 03 13:30:00 CST 2017}, NCMWeekModel{id=null, song='Bullet', songId=409060415, singer='Chelsea Lankes', singerId=53032, rank=57, width=2.0, call=1, date=Thu Aug 03 13:30:00 CST 2017}, NCMWeekModel{id=null, song='Work (R3hab Remix)', songId=407000354, singer='Rihanna/R3hab', singerId=72724, rank=58, width=2.0, call=1, date=Thu Aug 03 13:30:00 CST 2017}, NCMWeekModel{id=null, song='Re...Japanesque', songId=406355, singer='DAISHI DANCE', singerId=13953, rank=59, width=2.0, call=1, date=Thu Aug 03 13:30:00 CST 2017}, NCMWeekModel{id=null, song='Cry Wolf', songId=404182830, singer='Luna Shadows', singerId=12000103, rank=60, width=2.0, call=1, date=Thu Aug 03 13:30:00 CST 2017}, NCMWeekModel{id=null, song='Escape', songId=403012527, singer='Dripice', singerId=1050671, rank=61, width=2.0, call=1, date=Thu Aug 03 13:30:00 CST 2017}, NCMWeekModel{id=null, song='Dream It Possible', songId=38592976, singer='Delacey', singerId=489045, rank=62, width=2.0, call=1, date=Thu Aug 03 13:30:00 CST 2017}, NCMWeekModel{id=null, song='Dream It Possible', songId=37095955, singer='张靓颖', singerId=10561, rank=63, width=2.0, call=1, date=Thu Aug 03 13:30:00 CST 2017}, NCMWeekModel{id=null, song='Faded', songId=36990266, singer='Alan Walker', singerId=1045123, rank=64, width=2.0, call=1, date=Thu Aug 03 13:30:00 CST 2017}, NCMWeekModel{id=null, song='Higher', songId=36051225, singer='Cajsa Siik', singerId=1058143, rank=65, width=2.0, call=1, date=Thu Aug 03 13:30:00 CST 2017}, NCMWeekModel{id=null, song='You and Me', songId=3545662, singer='Solid Base', singerId=77754, rank=66, width=2.0, call=1, date=Thu Aug 03 13:30:00 CST 2017}, NCMWeekModel{id=null, song='Where Is The Love（Soule Rework)', songId=34144434, singer='Clément Bcx/Black Eyed Peas/Ellena Soule', singerId=1078228, rank=67, width=2.0, call=1, date=Thu Aug 03 13:30:00 CST 2017}, NCMWeekModel{id=null, song='We Just Laugh About It', songId=34040331, singer='Lucky Twice', singerId=95589, rank=68, width=2.0, call=1, date=Thu Aug 03 13:30:00 CST 2017}, NCMWeekModel{id=null, song='Рiчка', songId=3374005, singer='波丹.尤莉娅', singerId=73708, rank=69, width=2.0, call=1, date=Thu Aug 03 13:30:00 CST 2017}, NCMWeekModel{id=null, song='Mine (Win & Woo Remix)', songId=33497955, singer='Win & Woo', singerId=1116290, rank=70, width=2.0, call=1, date=Thu Aug 03 13:30:00 CST 2017}, NCMWeekModel{id=null, song='不将就', songId=31654343, singer='李荣浩', singerId=4292, rank=71, width=2.0, call=1, date=Thu Aug 03 13:30:00 CST 2017}, NCMWeekModel{id=null, song='See You Again', songId=30953009, singer='Wiz Khalifa/Charlie Puth', singerId=46006, rank=72, width=2.0, call=1, date=Thu Aug 03 13:30:00 CST 2017}, NCMWeekModel{id=null, song='漂洋过海来看你', songId=30903117, singer='周深', singerId=1030001, rank=73, width=2.0, call=1, date=Thu Aug 03 13:30:00 CST 2017}, NCMWeekModel{id=null, song='私の嘘～PianoSolo', songId=30245042, singer='横山克', singerId=15917, rank=74, width=2.0, call=1, date=Thu Aug 03 13:30:00 CST 2017}, NCMWeekModel{id=null, song='Lone Ranger', songId=29803676, singer='Rachel Platten', singerId=74518, rank=75, width=2.0, call=1, date=Thu Aug 03 13:30:00 CST 2017}, NCMWeekModel{id=null, song='Love You Like a Love Song', songId=29747524, singer='Selena Gomez', singerId=140196, rank=76, width=2.0, call=1, date=Thu Aug 03 13:30:00 CST 2017}, NCMWeekModel{id=null, song='Cornfield Chase', songId=29734857, singer='Hans Zimmer', singerId=34517, rank=77, width=2.0, call=1, date=Thu Aug 03 13:30:00 CST 2017}, NCMWeekModel{id=null, song='ほえ?', songId=29583256, singer='根岸貴幸', singerId=15027, rank=78, width=2.0, call=1, date=Thu Aug 03 13:30:00 CST 2017}, NCMWeekModel{id=null, song='Changing [Goldsmyth Edition]', songId=29378196, singer='SIGMA/Paloma Faith', singerId=101736, rank=79, width=2.0, call=1, date=Thu Aug 03 13:30:00 CST 2017}, NCMWeekModel{id=null, song='Sugar', songId=29019227, singer='Maroon 5', singerId=96266, rank=80, width=2.0, call=1, date=Thu Aug 03 13:30:00 CST 2017}, NCMWeekModel{id=null, song='All About that Bass', songId=28756834, singer='Meghan Trainor', singerId=69173, rank=81, width=2.0, call=1, date=Thu Aug 03 13:30:00 CST 2017}, NCMWeekModel{id=null, song='Stronger (What Doesn't Kill You)', songId=2870985, singer='Kelly Clarkson', singerId=62885, rank=82, width=2.0, call=1, date=Thu Aug 03 13:30:00 CST 2017}, NCMWeekModel{id=null, song='#SELFIE (Instrumental Mix)', songId=28690875, singer='The Chainsmokers', singerId=893484, rank=83, width=2.0, call=1, date=Thu Aug 03 13:30:00 CST 2017}, NCMWeekModel{id=null, song='Domino', songId=2867202, singer='Jessie J', singerId=62662, rank=84, width=2.0, call=1, date=Thu Aug 03 13:30:00 CST 2017}, NCMWeekModel{id=null, song='One Time', songId=28391133, singer='Marian Hill', singerId=893433, rank=85, width=2.0, call=1, date=Thu Aug 03 13:30:00 CST 2017}, NCMWeekModel{id=null, song='岁月神偷', songId=28285910, singer='金玟岐', singerId=893259, rank=86, width=2.0, call=1, date=Thu Aug 03 13:30:00 CST 2017}, NCMWeekModel{id=null, song='相见恨晚', songId=280761, singer='彭佳慧', singerId=9102, rank=87, width=2.0, call=1, date=Thu Aug 03 13:30:00 CST 2017}, NCMWeekModel{id=null, song='Say Yes', songId=27979277, singer='This Is Leon', singerId=1049288, rank=88, width=2.0, call=1, date=Thu Aug 03 13:30:00 CST 2017}, NCMWeekModel{id=null, song='房间', songId=27867140, singer='刘瑞琦', singerId=840134, rank=89, width=2.0, call=1, date=Thu Aug 03 13:30:00 CST 2017}, NCMWeekModel{id=null, song='Wake', songId=27795934, singer='Hillsong Young And Free', singerId=835002, rank=90, width=2.0, call=1, date=Thu Aug 03 13:30:00 CST 2017}, NCMWeekModel{id=null, song='Five Hundred Miles', songId=27759600, singer='Justin Timberlake/Carey Mulligan/Stark Sands', singerId=35331, rank=91, width=2.0, call=1, date=Thu Aug 03 13:30:00 CST 2017}, NCMWeekModel{id=null, song='Can't Complain', songId=26492802, singer='Relient K', singerId=41943, rank=92, width=2.0, call=1, date=Thu Aug 03 13:30:00 CST 2017}, NCMWeekModel{id=null, song='I Wanna Go', songId=26203580, singer='Britney Spears', singerId=48432, rank=93, width=2.0, call=1, date=Thu Aug 03 13:30:00 CST 2017}, NCMWeekModel{id=null, song='TEENAGE LIFE', songId=25862803, singer='Various Artists', singerId=104700, rank=94, width=2.0, call=1, date=Thu Aug 03 13:30:00 CST 2017}, NCMWeekModel{id=null, song='The Lazy Song', songId=25657280, singer='Bruno Mars', singerId=178059, rank=95, width=2.0, call=1, date=Thu Aug 03 13:30:00 CST 2017}, NCMWeekModel{id=null, song='Sexual Healing', songId=2538549, singer='Elize', singerId=55579, rank=96, width=2.0, call=1, date=Thu Aug 03 13:30:00 CST 2017}, NCMWeekModel{id=null, song='Refrain', songId=22712173, singer='Anan Ryoko', singerId=16069, rank=97, width=2.0, call=1, date=Thu Aug 03 13:30:00 CST 2017}, NCMWeekModel{id=null, song='潮鳴りII', songId=22706999, singer='折戸伸治', singerId=15102, rank=98, width=2.0, call=1, date=Thu Aug 03 13:30:00 CST 2017}, NCMWeekModel{id=null, song='Best Thing I Never Had', songId=2187803, singer='Beyoncé', singerId=48436, rank=99, width=2.0, call=1, date=Thu Aug 03 13:30:00 CST 2017}, NCMWeekModel{id=null, song='Complicated', songId=2117962, singer='Avril Lavigne', singerId=46490, rank=100, width=2.0, call=1, date=Thu Aug 03 13:30:00 CST 2017}]
2017-08-03 13:32:10 [INFO ] [main] n.s.NCMService : [refresh] refresh
